This is pdfTeX, Version 3.14159265-2.6-1.40.20 (MiKTeX 2.9.7140 64-bit) (preloaded format=pdflatex 2019.8.29)  30 AUG 2019 00:01
entering extended mode
**./provisoryFrontCover.tex
(provisoryFrontCover.tex
LaTeX2e <2018-12-01>

! LaTeX Error: Environment figure undefined.

See the LaTeX manual or LaTeX Companion for explanation.
Type  H <return>  for immediate help.
 ...                                              
                                                  
l.3 \begin{figure}
                  [ht!]
Your command was ignored.
Type  I <command> <return>  to replace it with another command,
or  <return>  to continue without it.


! LaTeX Error: Missing \begin{document}.

See the LaTeX manual or LaTeX Companion for explanation.
Type  H <return>  for immediate help.
 ...                                              
                                                  
l.3 \begin{figure}[
                   ht!]
You're in trouble here.  Try typing  <return>  to proceed.
If that doesn't work, type  X <return>  to quit.

Missing character: There is no [ in font nullfont!
Missing character: There is no h in font nullfont!
Missing character: There is no t in font nullfont!
Missing character: There is no ! in font nullfont!
Missing character: There is no ] in font nullfont!
! Undefined control sequence.
l.6 	\scalebox
              {0.6}{\includegraphics{FrontCover/Logo_ISEL}}
The control sequence at the end of the top line
of your error message was never \def'ed. If you have
misspelled it (e.g., `\hobx'), type `I' and the correct
spelling (e.g., `I\hbox'). Otherwise just continue,
and I'll forget about whatever was undefined.

Missing character: There is no 0 in font nullfont!
Missing character: There is no . in font nullfont!
Missing character: There is no 6 in font nullfont!
! Undefined control sequence.
l.6 	\scalebox{0.6}{\includegraphics
                                    {FrontCover/Logo_ISEL}}
The control sequence at the end of the top line
of your error message was never \def'ed. If you have
misspelled it (e.g., `\hobx'), type `I' and the correct
spelling (e.g., `I\hbox'). Otherwise just continue,
and I'll forget about whatever was undefined.

Missing character: There is no F in font nullfont!
Missing character: There is no r in font nullfont!
Missing character: There is no o in font nullfont!
Missing character: There is no n in font nullfont!
Missing character: There is no t in font nullfont!
Missing character: There is no C in font nullfont!
Missing character: There is no o in font nullfont!
Missing character: There is no v in font nullfont!
Missing character: There is no e in font nullfont!
Missing character: There is no r in font nullfont!
Missing character: There is no / in font nullfont!
Missing character: There is no L in font nullfont!
Missing character: There is no o in font nullfont!
Missing character: There is no g in font nullfont!
Missing character: There is no o in font nullfont!
! Missing $ inserted.
<inserted text> 
                $
l.6 ...ebox{0.6}{\includegraphics{FrontCover/Logo_
                                                  ISEL}}
I've inserted a begin-math/end-math symbol since I think
you left one out. Proceed, with fingers crossed.

LaTeX Font Info:    External font `cmex10' loaded for size
(Font)              <7> on input line 6.
LaTeX Font Info:    External font `cmex10' loaded for size
(Font)              <5> on input line 6.
! Extra }, or forgotten $.
l.6 ...0.6}{\includegraphics{FrontCover/Logo_ISEL}
                                                  }
I've deleted a group-closing symbol because it seems to be
spurious, as in `$x}$'. But perhaps the } is legitimate and
you forgot something else, as in `\hbox{$x}'. In such cases
the way to recover is to insert both the forgotten and the
deleted material, e.g., by typing `I$}'.

! Extra }, or forgotten $.
l.6 ....6}{\includegraphics{FrontCover/Logo_ISEL}}
                                                  
I've deleted a group-closing symbol because it seems to be
spurious, as in `$x}$'. But perhaps the } is legitimate and
you forgot something else, as in `\hbox{$x}'. In such cases
the way to recover is to insert both the forgotten and the
deleted material, e.g., by typing `I$}'.


! LaTeX Error: \begin{document} ended by \end{figure}.

See the LaTeX manual or LaTeX Companion for explanation.
Type  H <return>  for immediate help.
 ...                                              
                                                  
l.7 \end{figure}
                
Your command was ignored.
Type  I <command> <return>  to replace it with another command,
or  <return>  to continue without it.

! Missing $ inserted.
<inserted text> 
                $
l.7 \end{figure}
                
I've inserted something that you may have forgotten.
(See the <inserted text> above.)
With luck, this will get me unwedged. But if you
really didn't forget anything, try typing `2' now; then
my insertion and my current dilemma will both disappear.

! Missing } inserted.
<inserted text> 
                }
l.7 \end{figure}
                
I've inserted something that you may have forgotten.
(See the <inserted text> above.)
With luck, this will get me unwedged. But if you
really didn't forget anything, try typing `2' now; then
my insertion and my current dilemma will both disappear.

! Missing } inserted.
<inserted text> 
                }
l.7 \end{figure}
                
I've inserted something that you may have forgotten.
(See the <inserted text> above.)
With luck, this will get me unwedged. But if you
really didn't forget anything, try typing `2' now; then
my insertion and my current dilemma will both disappear.


Overfull \hbox (20.0pt too wide) in paragraph at lines 3--8
[]
 []


Overfull \hbox (26.06041pt too wide) in paragraph at lines 3--8
[]\OML/cmm/m/it/10 SEL$ 
 []

! Undefined control sequence.
<argument> \Large 
                  \textbf {INSTITUTO POLIT\'{E}CNICO DE LISBOA}
l.10 ...xtbf{INSTITUTO POLIT\'{E}CNICO DE LISBOA}}
                                                  
The control sequence at the end of the top line
of your error message was never \def'ed. If you have
misspelled it (e.g., `\hobx'), type `I' and the correct
spelling (e.g., `I\hbox'). Otherwise just continue,
and I'll forget about whatever was undefined.

! Undefined control sequence.
<argument> \Large 
                  \textbf {INSTITUTO SUPERIOR DE ENGENHARIA DE LISBOA}
l.13 ...STITUTO SUPERIOR DE ENGENHARIA DE LISBOA}}
                                                  
The control sequence at the end of the top line
of your error message was never \def'ed. If you have
misspelled it (e.g., `\hobx'), type `I' and the correct
spelling (e.g., `I\hbox'). Otherwise just continue,
and I'll forget about whatever was undefined.


! LaTeX Error: Missing \begin{document}.

See the LaTeX manual or LaTeX Companion for explanation.
Type  H <return>  for immediate help.
 ...                                              
                                                  
l.24 \begin{center}
                   
You're in trouble here.  Try typing  <return>  to proceed.
If that doesn't work, type  X <return>  to quit.


Overfull \hbox (20.0pt too wide) in paragraph at lines 24--24
[] 
 []

! Undefined control sequence.
l.27 {\LARGE
             \textbf{Event Organizer}}
The control sequence at the end of the top line
of your error message was never \def'ed. If you have
misspelled it (e.g., `\hobx'), type `I' and the correct
spelling (e.g., `I\hbox'). Otherwise just continue,
and I'll forget about whatever was undefined.


Overfull \hbox (29.1179pt too wide) in paragraph at lines 27--28
 \OT1/cmr/bx/n/10 Event 
 []


Overfull \hbox (17.20825pt too wide) in paragraph at lines 27--28
 \OT1/cmr/bx/n/10 Or- 
 []


Overfull \hbox (15.17351pt too wide) in paragraph at lines 27--28
 \OT1/cmr/bx/n/10 ga- 
 []


Overfull \hbox (24.70128pt too wide) in paragraph at lines 27--28
 \OT1/cmr/bx/n/10 nizer 
 []

! Undefined control sequence.
l.37 {\Large
             \textbf{\vspace*{1em}Marco Batista n.\textdegree $\ $42125, e-m...
The control sequence at the end of the top line
of your error message was never \def'ed. If you have
misspelled it (e.g., `\hobx'), type `I' and the correct
spelling (e.g., `I\hbox'). Otherwise just continue,
and I'll forget about whatever was undefined.

! Undefined control sequence.
<argument> ...e *{1em}Marco Batista n.\textdegree 
                                                  $\ $42125, e-mail: \texttt...
l.37 ...3, e-mail: \texttt{a42393@alunos.isel.pt}}
                                                  }
The control sequence at the end of the top line
of your error message was never \def'ed. If you have
misspelled it (e.g., `\hobx'), type `I' and the correct
spelling (e.g., `I\hbox'). Otherwise just continue,
and I'll forget about whatever was undefined.

LaTeX Font Info:    Font shape `OT1/cmtt/bx/n' in size <10> not available
(Font)              Font shape `OT1/cmtt/m/n' tried instead on input line 37.

Overfull \hbox (32.10399pt too wide) in paragraph at lines 37--37
 []\OT1/cmr/bx/n/10 Marco 
 []


Overfull \hbox (36.03586pt too wide) in paragraph at lines 37--37
 \OT1/cmr/bx/n/10 Batista 
 []


Overfull \hbox (44.0831pt too wide) in paragraph at lines 37--37
 \OT1/cmr/bx/n/10 n.$ $42125, 
 []


Overfull \hbox (9.10413pt too wide) in paragraph at lines 37--37
 \OT1/cmr/bx/n/10 e- 
 []


Overfull \hbox (24.75679pt too wide) in paragraph at lines 37--37
 \OT1/cmr/bx/n/10 mail: 
 []


Overfull \hbox (110.24904pt too wide) in paragraph at lines 37--37
 \OT1/cmtt/m/n/10 a42125@alunos.isel.pt 
 []

! Undefined control sequence.
<argument> ...l.pt}\\ Diogo Martins n.\textdegree 
                                                  $\ $42393, e-mail: \texttt...
l.37 ...3, e-mail: \texttt{a42393@alunos.isel.pt}}
                                                  }
The control sequence at the end of the top line
of your error message was never \def'ed. If you have
misspelled it (e.g., `\hobx'), type `I' and the correct
spelling (e.g., `I\hbox'). Otherwise just continue,
and I'll forget about whatever was undefined.


Overfull \hbox (29.26373pt too wide) in paragraph at lines 37--38
 []\OT1/cmr/bx/n/10 Diogo 
 []


Overfull \hbox (25.07625pt too wide) in paragraph at lines 37--38
 \OT1/cmr/bx/n/10 Mar- 
 []


Overfull \hbox (18.59155pt too wide) in paragraph at lines 37--38
 \OT1/cmr/bx/n/10 tins 
 []


Overfull \hbox (44.0831pt too wide) in paragraph at lines 37--38
 \OT1/cmr/bx/n/10 n.$ $42393, 
 []


Overfull \hbox (9.10413pt too wide) in paragraph at lines 37--38
 \OT1/cmr/bx/n/10 e- 
 []


Overfull \hbox (24.75679pt too wide) in paragraph at lines 37--38
 \OT1/cmr/bx/n/10 mail: 
 []


Overfull \hbox (110.24904pt too wide) in paragraph at lines 37--38
 \OT1/cmtt/m/n/10 a42393@alunos.isel.pt 
 []


! LaTeX Error: Environment table undefined.

See the LaTeX manual or LaTeX Companion for explanation.
Type  H <return>  for immediate help.
 ...                                              
                                                  
l.45 \begin{table}
                  [h]
Your command was ignored.
Type  I <command> <return>  to replace it with another command,
or  <return>  to continue without it.

Missing character: There is no [ in font nullfont!
Missing character: There is no h in font nullfont!
Missing character: There is no ] in font nullfont!
! Undefined control sequence.
l.47 		{\Large
               \textbf{Supervisor:}}   & {\Large Nuno Leite} \\%
The control sequence at the end of the top line
of your error message was never \def'ed. If you have
misspelled it (e.g., `\hobx'), type `I' and the correct
spelling (e.g., `I\hbox'). Otherwise just continue,
and I'll forget about whatever was undefined.

! Undefined control sequence.
l.47 		{\Large \textbf{Supervisor:}}   & {\Large
                                                 Nuno Leite} \\%
The control sequence at the end of the top line
of your error message was never \def'ed. If you have
misspelled it (e.g., `\hobx'), type `I' and the correct
spelling (e.g., `I\hbox'). Otherwise just continue,
and I'll forget about whatever was undefined.

Missing character: There is no N in font nullfont!
Missing character: There is no u in font nullfont!
Missing character: There is no n in font nullfont!
Missing character: There is no o in font nullfont!
Missing character: There is no L in font nullfont!
Missing character: There is no e in font nullfont!
Missing character: There is no i in font nullfont!
Missing character: There is no t in font nullfont!
Missing character: There is no e in font nullfont!

! LaTeX Error: \begin{center} on input line 24 ended by \end{table}.

See the LaTeX manual or LaTeX Companion for explanation.
Type  H <return>  for immediate help.
 ...                                              
                                                  
l.49 \end{table}
                
Your command was ignored.
Type  I <command> <return>  to replace it with another command,
or  <return>  to continue without it.


Overfull \hbox (99.65248pt too wide) in paragraph at lines 45--50
 [] 
 []

! Undefined control sequence.
l.57 {\Large
             Projeto e Semin\'{a}rio}
The control sequence at the end of the top line
of your error message was never \def'ed. If you have
misspelled it (e.g., `\hobx'), type `I' and the correct
spelling (e.g., `I\hbox'). Otherwise just continue,
and I'll forget about whatever was undefined.

Missing character: There is no P in font nullfont!
Missing character: There is no r in font nullfont!
Missing character: There is no o in font nullfont!
Missing character: There is no j in font nullfont!
Missing character: There is no e in font nullfont!
Missing character: There is no t in font nullfont!
Missing character: There is no o in font nullfont!
Missing character: There is no e in font nullfont!
Missing character: There is no S in font nullfont!
Missing character: There is no e in font nullfont!
Missing character: There is no m in font nullfont!
Missing character: There is no i in font nullfont!
Missing character: There is no n in font nullfont!
LaTeX Font Info:    Try loading font information for +cmr on input line 57.
LaTeX Font Info:    No file cmr.fd. on input line 57.

LaTeX Font Warning: Font shape `/cmr/m/n' undefined
(Font)              using `/cmr/m/n' instead on input line 57.

! Corrupted NFSS tables.
wrong@fontshape ...message {Corrupted NFSS tables}
                                                  error@fontshape else let f...
l.57 {\Large Projeto e Semin\'{a}
                                 rio}
This error message was generated by an \errmessage
command, so I can't give any explicit help.
Pretend that you're Hercule Poirot: Examine all clues,
and deduce the truth by order and method.


LaTeX Font Warning: Font shape `/cmr/m/n' undefined
(Font)              using `OT1/cmr/m/n' instead on input line 57.

Missing character: There is no r in font nullfont!
Missing character: There is no i in font nullfont!
Missing character: There is no o in font nullfont!

Overfull \hbox (10.00003pt too wide) in paragraph at lines 57--58
 \/cmr/m/n/10 a 
 []

! Undefined control sequence.
l.66 {\Large
             Report}
The control sequence at the end of the top line
of your error message was never \def'ed. If you have
misspelled it (e.g., `\hobx'), type `I' and the correct
spelling (e.g., `I\hbox'). Otherwise just continue,
and I'll forget about whatever was undefined.

Missing character: There is no R in font nullfont!
Missing character: There is no e in font nullfont!
Missing character: There is no p in font nullfont!
Missing character: There is no o in font nullfont!
Missing character: There is no r in font nullfont!
Missing character: There is no t in font nullfont!
! Undefined control sequence.
l.77 {\large
             \textbf{May 2019}}
The control sequence at the end of the top line
of your error message was never \def'ed. If you have
misspelled it (e.g., `\hobx'), type `I' and the correct
spelling (e.g., `I\hbox'). Otherwise just continue,
and I'll forget about whatever was undefined.


Overfull \hbox (22.2568pt too wide) in paragraph at lines 77--78
 []\OT1/cmr/bx/n/10 May 
 []


Overfull \hbox (22.99988pt too wide) in paragraph at lines 77--78
 \OT1/cmr/bx/n/10 2019 
 []

)
! Emergency stop.
<*> ./provisoryFrontCover.tex
                             
*** (job aborted, no legal \end found)

 
Here is how much of TeX's memory you used:
 29 strings out of 492895
 464 string characters out of 3119999
 58106 words of memory out of 3000000
 4042 multiletter control sequences out of 15000+200000
 4116 words of font info for 16 fonts, out of 3000000 for 9000
 1141 hyphenation exceptions out of 8191
 19i,7n,16p,233b,206s stack positions out of 5000i,500n,10000p,200000b,50000s
!  ==> Fatal error occurred, no output PDF file produced!
